<?xml version="1.0" encoding="UTF-8"?>
<!-- Generated by org.testng.reporters.JUnitReportReporter -->
<testsuite hostname="ABCNBK155" name="test.TestHome" tests="4" failures="0" timestamp="11 Apr 2021 00:33:39 GMT" time="11.440" errors="0">
  <testcase name="test_4" time="2.280" classname="test.TestHome"/>
  <testcase name="test_3" time="3.819" classname="test.TestHome"/>
  <testcase name="test_1" time="4.886" classname="test.TestHome"/>
  <testcase name="test_2" time="0.455" classname="test.TestHome"/>
</testsuite> <!-- test.TestHome -->
